<?xml version="1.0" encoding="UTF-8"?>
<!-- Generated by org.testng.reporters.JUnitReportReporter -->
<testsuite hostname="malays-MacBook-Air.local" failures="0" tests="1" name="com.ip.RestAssuredFramework.AssuredPost" time="2.919" errors="0" timestamp="14 Jul 2019 00:05:19 GMT" skipped="0">
  <testcase classname="com.ip.RestAssuredFramework.AssuredPost" name="post" time="2.919"/>
</testsuite> <!-- com.ip.RestAssuredFramework.AssuredPost -->
