<?xml version="1.0" encoding="UTF-8"?>
<!-- Generated by org.testng.reporters.JUnitReportReporter -->
<testsuite skipped="0" hostname="malays-MacBook-Air.local" name="com.ip.RestAssuredFramework.AssuredGet" tests="1" failures="0" timestamp="25 Jul 2019 22:27:22 GMT" time="3.784" errors="0">
  <testcase name="get" time="3.784" classname="com.ip.RestAssuredFramework.AssuredGet"/>
</testsuite> <!-- com.ip.RestAssuredFramework.AssuredGet -->
