<?xml version="1.0" encoding="UTF-8"?>
<!-- Generated by org.testng.reporters.JUnitReportReporter -->
<testsuite hostname="malays-MacBook-Air.local" failures="0" tests="1" name="com.ip.BDDFrame.RestBDD" time="3.435" errors="0" timestamp="14 Jul 2019 00:23:17 GMT" skipped="0">
  <testcase classname="com.ip.BDDFrame.RestBDD" name="testEqualToFunction" time="3.435"/>
</testsuite> <!-- com.ip.BDDFrame.RestBDD -->
